\BOOKMARK [0][-]{chapter.1}{\376\377\000I\000n\000t\000r\000o\000d\000u\000c\000c\000i\000\363\000n\000\040\000a\000\040\000l\000a\000\040\000s\000e\000g\000u\000r\000i\000d\000a\000d\000\040\000d\000e\000\040\000b\000a\000s\000e\000s\000\040\000d\000e\000\040\000d\000a\000t\000o\000s}{}% 1
\BOOKMARK [1][-]{section.1.1}{\376\377\000I\000n\000t\000r\000o\000d\000u\000c\000c\000i\000\363\000n\000\040\000a\000\040\000l\000a\000s\000\040\000b\000a\000s\000e\000s\000\040\000d\000e\000\040\000d\000a\000t\000o\000s}{chapter.1}% 2
\BOOKMARK [1][-]{section.1.2}{\376\377\000S\000e\000g\000u\000r\000i\000d\000a\000d\000\040\000d\000e\000\040\000b\000a\000s\000e\000s\000\040\000d\000e\000\040\000d\000a\000t\000o\000s}{chapter.1}% 3
\BOOKMARK [0][-]{chapter.2}{\376\377\000R\000i\000e\000s\000g\000o\000s\000\040\000y\000\040\000c\000o\000n\000s\000e\000c\000u\000e\000n\000c\000i\000a\000s\000\040\000d\000e\000\040\000l\000a\000\040\000i\000n\000y\000e\000c\000c\000i\000\363\000n\000\040\000S\000Q\000L}{}% 4
\BOOKMARK [1][-]{section.2.1}{\376\377\000I\000n\000t\000r\000o\000d\000u\000c\000c\000i\000\363\000n\000\040\000a\000\040\000S\000Q\000L}{chapter.2}% 5
\BOOKMARK [1][-]{section.2.2}{\376\377\000I\000n\000y\000e\000c\000c\000i\000\363\000n\000\040\000S\000Q\000L}{chapter.2}% 6
\BOOKMARK [2][-]{subsection.2.2.1}{\376\377\000R\000i\000e\000s\000g\000o\000s\000\040\000y\000\040\000c\000o\000n\000s\000e\000c\000u\000e\000n\000c\000i\000a\000s\000\040\000q\000u\000e\000\040\000c\000o\000n\000l\000l\000e\000v\000a\000\040\000u\000n\000a\000\040\000i\000n\000y\000e\000c\000c\000i\000\363\000n\000\040\000S\000Q\000L}{section.2.2}% 7
\BOOKMARK [2][-]{subsection.2.2.2}{\376\377\000C\000o\000m\000o\000\040\000e\000v\000i\000t\000a\000r\000\040\000a\000t\000a\000q\000u\000e\000s\000\040\000e\000\040\000i\000n\000y\000e\000c\000c\000i\000\363\000n\000\040\000S\000Q\000L}{section.2.2}% 8
\BOOKMARK [0][-]{chapter.3}{\376\377\000T\000i\000p\000o\000s\000\040\000d\000e\000\040\000a\000t\000a\000q\000u\000e\000s\000\040\000d\000e\000\040\000i\000n\000y\000e\000c\000c\000i\000\363\000n\000\040\000S\000Q\000L\000\040\000y\000\040\000e\000j\000e\000m\000p\000l\000o\000s\000\040\000d\000e\000\040\000c\000a\000s\000o\000s\000\040\000r\000e\000a\000l\000e\000s}{}% 9
\BOOKMARK [1][-]{section.3.1}{\376\377\000I\000d\000e\000n\000t\000i\000f\000i\000c\000a\000c\000i\000\363\000n\000\040\000d\000e\000\040\000v\000u\000l\000n\000e\000r\000a\000b\000i\000l\000i\000d\000a\000d\000e\000s}{chapter.3}% 10
\BOOKMARK [1][-]{section.3.2}{\376\377\000M\000\351\000t\000o\000d\000o\000s\000\040\000m\000a\000n\000u\000a\000l\000e\000s\000\040\000s\000i\000m\000p\000l\000e\000s}{chapter.3}% 11
\BOOKMARK [1][-]{section.3.3}{\376\377\000E\000j\000e\000m\000p\000l\000o\000s\000\040\000d\000e\000\040\000c\000a\000s\000o\000s\000\040\000r\000e\000a\000l\000e\000s}{chapter.3}% 12
\BOOKMARK [0][-]{chapter.4}{\376\377\000B\000u\000e\000n\000a\000s\000\040\000p\000r\000\341\000c\000t\000i\000c\000a\000s\000\040\000e\000n\000\040\000e\000l\000\040\000d\000i\000s\000e\000\361\000o\000\040\000d\000e\000\040\000b\000a\000s\000e\000s\000\040\000d\000e\000\040\000d\000a\000t\000o\000s\000\040\000p\000a\000r\000a\000\040\000p\000r\000e\000v\000e\000n\000i\000r\000\040\000l\000a\000\040\000i\000n\000y\000e\000c\000c\000i\000\363\000n\000\040\000S\000Q\000L}{}% 13
\BOOKMARK [1][-]{section.4.1}{\376\377\000I\000n\000t\000r\000o\000d\000u\000c\000c\000i\000\363\000n\000\040\000a\000\040\000l\000a\000s\000\040\000b\000u\000e\000n\000a\000s\000\040\000p\000r\000\341\000c\000t\000i\000c\000a\000s}{chapter.4}% 14
\BOOKMARK [1][-]{section.4.2}{\376\377\000C\000o\000n\000s\000u\000l\000t\000a\000s\000\040\000c\000o\000n\000c\000a\000t\000e\000n\000a\000d\000a\000s}{chapter.4}% 15
\BOOKMARK [1][-]{section.4.3}{\376\377\000O\000t\000r\000a\000s\000\040\000p\000r\000\341\000c\000t\000i\000c\000a\000s\000\040\000r\000e\000c\000o\000m\000e\000n\000d\000a\000d\000a\000s}{chapter.4}% 16
\BOOKMARK [0][-]{chapter.5}{\376\377\000M\000a\000r\000c\000o\000\040\000l\000e\000g\000a\000l\000\040\000y\000\040\000c\000u\000m\000p\000l\000i\000m\000i\000e\000n\000t\000o\000\040\000n\000o\000r\000m\000a\000t\000i\000v\000o}{}% 17
\BOOKMARK [1][-]{section.5.1}{\376\377\000I\000n\000t\000r\000o\000d\000u\000c\000c\000i\000\363\000n\000\040\000a\000l\000\040\000m\000a\000r\000c\000o\000\040\000l\000e\000g\000a\000l}{chapter.5}% 18
\BOOKMARK [1][-]{section.5.2}{\376\377\000C\000u\000m\000p\000l\000i\000m\000i\000e\000n\000t\000o\000\040\000n\000o\000r\000m\000a\000t\000i\000v\000o}{chapter.5}% 19
\BOOKMARK [1][-]{section.5.3}{\376\377\000C\000o\000l\000a\000b\000o\000r\000a\000c\000i\000\363\000n\000\040\000c\000o\000n\000\040\000l\000a\000s\000\040\000a\000u\000t\000o\000r\000i\000d\000a\000d\000e\000s}{chapter.5}% 20
\BOOKMARK [0][-]{chapter.6}{\376\377\000F\000u\000t\000u\000r\000o\000\040\000d\000e\000\040\000l\000o\000s\000\040\000a\000t\000a\000q\000u\000e\000s\000\040\000d\000e\000\040\000S\000Q\000L\000\040\000I\000n\000j\000e\000c\000t\000i\000o\000n\000\040\000y\000\040\000l\000a\000s\000\040\000B\000a\000s\000e\000s\000\040\000d\000e\000\040\000D\000a\000t\000o\000s}{}% 21
\BOOKMARK [1][-]{section.6.1}{\376\377\000F\000u\000t\000u\000r\000o\000s\000\040\000d\000e\000\040\000l\000a\000s\000\040\000b\000a\000s\000e\000s\000\040\000d\000e\000\040\000d\000a\000t\000o\000s}{chapter.6}% 22
\BOOKMARK [0][-]{chapter.7}{\376\377\000B\000i\000b\000l\000i\000o\000g\000r\000a\000f\000\355\000a}{}% 23
